Arguments: 
  C:\Program Files\nodejs\node.exe C:\Program Files (x86)\Yarn\bin\yarn.js install

PATH: 
  C:\Windows\system32;C:\Windows;C:\Windows\System32\Wbem;C:\Windows\System32\WindowsPowerShell\v1.0\;C:\Windows\System32\OpenSSH\;C:\Program Files (x86)\Yarn\bin\;C:\Program Files\nodejs\;C:\Program Files\Git\cmd;C:\Users\hp\AppData\Local\Android\Sdk\platform-tool;C:\Users\hp\AppData\Local\Programs\Python\Python39;C:\Users\hp\Documents\redis;C:\Users\hp\AppData\Local\Microsoft\WindowsApps;C:\Users\hp\AppData\Local\Programs\Microsoft VS Code\bin;C:\Users\hp\AppData\Local\Yarn\bin;C:\Users\hp\AppData\Local\atom\bin;C:\Users\hp\AppData\Roaming\npm;C:\Program Files\heroku\bin;C:\Users\hp\AppData\Local\Android\Sdk\platform-tools;

Yarn version: 
  1.22.5

Node version: 
  15.2.1

Platform: 
  win32 x64

Trace: 
  Error: https://registry.yarnpkg.com/body%20parser: Not found
      at Request.params.callback [as _callback] (C:\Program Files (x86)\Yarn\lib\cli.js:66097:18)
      at Request.self.callback (C:\Program Files (x86)\Yarn\lib\cli.js:140749:22)
      at Request.emit (node:events:329:20)
      at Request.<anonymous> (C:\Program Files (x86)\Yarn\lib\cli.js:141721:10)
      at Request.emit (node:events:329:20)
      at IncomingMessage.<anonymous> (C:\Program Files (x86)\Yarn\lib\cli.js:141643:12)
      at Object.onceWrapper (node:events:435:28)
      at IncomingMessage.emit (node:events:341:22)
      at endReadableNT (node:internal/streams/readable:1294:12)
      at processTicksAndRejections (node:internal/process/task_queues:80:21)

npm manifest: 
  {
    "name": "huggies-nodesocket",
    "version": "1.0.0",
    "main": "index.js",
    "license": "MIT",
    "scripts":{
      "start":"node index.js"
    },
    "dependencies": {
      "body parser":"^1.19.0",
      "cors":"2.8.5",
      "express":"^4.17.1",
      "http":"0.8.0",
      "socket.io":"2.3.0"
    }
  }

yarn manifest: 
  No manifest

Lockfile: 
  No lockfile
